10:51:09.122 [main] DEBUG com.intuit.karate.Suite - [config] classpath:karate-config.js
10:51:09.128 [main] DEBUG com.intuit.karate.Suite - waiting for 8 features to complete
10:51:09.820 [pool-2-thread-1] INFO  com.intuit.karate - karate.env system property was: null 
10:51:09.914 [pool-2-thread-1] INFO  com.intuit.karate - karate.env system property was: null 
10:51:09.934 [pool-1-thread-1] INFO  com.intuit.karate - karate.env system property was: null 
10:51:09.935 [pool-1-thread-2] INFO  com.intuit.karate - karate.env system property was: null 
10:51:09.936 [pool-1-thread-3] INFO  com.intuit.karate - karate.env system property was: null 
10:51:09.936 [pool-1-thread-4] INFO  com.intuit.karate - karate.env system property was: null 
10:51:09.936 [pool-1-thread-5] INFO  com.intuit.karate - karate.env system property was: null 
10:51:10.188 [pool-1-thread-5] DEBUG com.intuit.karate - request:
1 > DELETE http://customercoreservices.wom.uat/ocp/srv40175-1-0/rest/challenger/56945089178
1 > 'Content-Type': application/json
1 > Content-Type: application/json; charset=UTF-8
1 > Content-Length: 92
1 > Host: customercoreservices.wom.uat
1 > Connection: Keep-Alive
1 > User-Agent: Apache-HttpClient/4.5.13 (Java/15.0.2)
1 > Accept-Encoding: gzip,deflate
{"length":"6","media":"sms","channel":"app","transaction":"1213123","typeChallenger":"code"}

10:51:10.188 [pool-1-thread-2] DEBUG com.intuit.karate - request:
1 > GET http://customercoreservices.wom.uat/ocp/srv40175-1-0/rest/challenger/56945089178
1 > 'Content-Type': application/json
1 > Content-Type: application/json; charset=UTF-8
1 > Content-Length: 92
1 > Host: customercoreservices.wom.uat
1 > Connection: Keep-Alive
1 > User-Agent: Apache-HttpClient/4.5.13 (Java/15.0.2)
1 > Accept-Encoding: gzip,deflate
{"length":"6","media":"sms","channel":"app","transaction":"1213123","typeChallenger":"code"}

10:51:10.188 [pool-1-thread-3] DEBUG com.intuit.karate - request:
1 > PUT http://customercoreservices.wom.uat/ocp/srv40175-1-0/rest/challenger/56945089178
1 > 'Content-Type': application/json
1 > Content-Type: application/json; charset=UTF-8
1 > Content-Length: 92
1 > Host: customercoreservices.wom.uat
1 > Connection: Keep-Alive
1 > User-Agent: Apache-HttpClient/4.5.13 (Java/15.0.2)
1 > Accept-Encoding: gzip,deflate
{"length":"6","media":"sms","channel":"app","transaction":"1213123","typeChallenger":"code"}

10:51:10.188 [pool-1-thread-1] DEBUG com.intuit.karate - request:
1 > POST http://customercoreservices.wom.uat/ocp/srv40175-1-0/rest/challenger/56945089178
1 > 'Content-Type': application/json
1 > Content-Type: application/json; charset=UTF-8
1 > Content-Length: 92
1 > Host: customercoreservices.wom.uat
1 > Connection: Keep-Alive
1 > User-Agent: Apache-HttpClient/4.5.13 (Java/15.0.2)
1 > Accept-Encoding: gzip,deflate
{"length":"6","media":"sms","channel":"app","transaction":"1213123","typeChallenger":"code"}

10:51:10.188 [pool-1-thread-4] DEBUG com.intuit.karate - request:
1 > PATCH http://customercoreservices.wom.uat/ocp/srv40175-1-0/rest/challenger/56945089178
1 > 'Content-Type': application/json
1 > Content-Type: application/json; charset=UTF-8
1 > Content-Length: 92
1 > Host: customercoreservices.wom.uat
1 > Connection: Keep-Alive
1 > User-Agent: Apache-HttpClient/4.5.13 (Java/15.0.2)
1 > Accept-Encoding: gzip,deflate
{"length":"6","media":"sms","channel":"app","transaction":"1213123","typeChallenger":"code"}

10:51:10.283 [pool-1-thread-2] DEBUG com.intuit.karate - response time in milliseconds: 89
1 < 405
1 < Server-Timing: intid;desc=7161cbbd98729063
1 < Content-Type: application/json;charset=UTF-8
1 < Transfer-Encoding: chunked
1 < Date: Tue, 22 Mar 2022 13:51:10 GMT
1 < Cache-control: private
1 < Set-Cookie: ed1f3e57adf6dbe2b2db96fad0e07d5a=4c23b5f169329d6e169165d05606d02e; Domain=customercoreservices.wom.uat
{"codigoError":"405","mensajeError":"Method Not Allowed","detail":[]}
10:51:10.283 [pool-1-thread-5] DEBUG com.intuit.karate - response time in milliseconds: 89
1 < 405
1 < Server-Timing: intid;desc=15849cb72c914a31
1 < Content-Type: application/json;charset=UTF-8
1 < Transfer-Encoding: chunked
1 < Date: Tue, 22 Mar 2022 13:51:10 GMT
1 < Set-Cookie: ed1f3e57adf6dbe2b2db96fad0e07d5a=4c23b5f169329d6e169165d05606d02e; Domain=customercoreservices.wom.uat
{"codigoError":"405","mensajeError":"Method Not Allowed","detail":[]}
10:51:10.283 [pool-1-thread-3] DEBUG com.intuit.karate - response time in milliseconds: 89
1 < 405
1 < Server-Timing: intid;desc=4e3970bf5adede3f
1 < Content-Type: application/json;charset=UTF-8
1 < Transfer-Encoding: chunked
1 < Date: Tue, 22 Mar 2022 13:51:10 GMT
1 < Set-Cookie: ed1f3e57adf6dbe2b2db96fad0e07d5a=4c23b5f169329d6e169165d05606d02e; Domain=customercoreservices.wom.uat
{"codigoError":"405","mensajeError":"Method Not Allowed","detail":[]}
10:51:10.283 [pool-1-thread-4] DEBUG com.intuit.karate - response time in milliseconds: 89
1 < 405
1 < Server-Timing: intid;desc=fb5cb7889df4a291
1 < Content-Type: application/json;charset=UTF-8
1 < Transfer-Encoding: chunked
1 < Date: Tue, 22 Mar 2022 13:51:10 GMT
1 < Set-Cookie: ed1f3e57adf6dbe2b2db96fad0e07d5a=4c23b5f169329d6e169165d05606d02e; Domain=customercoreservices.wom.uat
{"codigoError":"405","mensajeError":"Method Not Allowed","detail":[]}
10:51:10.306 [pool-1-thread-3] INFO  com.intuit.karate - karate.env system property was: null 
10:51:10.306 [pool-1-thread-5] INFO  com.intuit.karate - karate.env system property was: null 
10:51:10.312 [pool-1-thread-3] DEBUG com.intuit.karate - request:
1 > POST http://customercoreservices.wom.uat/ocp/srv40175-1-0/rest/challenger/5699007606
1 > 'Content-Type': application/json
1 > Cookie: ed1f3e57adf6dbe2b2db96fad0e07d5a=4c23b5f169329d6e169165d05606d02e
1 > Content-Type: application/json; charset=UTF-8
1 > Content-Length: 92
1 > Host: customercoreservices.wom.uat
1 > Connection: Keep-Alive
1 > User-Agent: Apache-HttpClient/4.5.13 (Java/15.0.2)
1 > Accept-Encoding: gzip,deflate
{"length":"6","media":"sms","channel":"app","transaction":"1213123","typeChallenger":"code"}

10:51:10.323 [pool-1-thread-2] INFO  com.intuit.karate - karate.env system property was: null 
10:51:10.326 [pool-1-thread-4] INFO  com.intuit.karate - karate.env system property was: null 
10:51:10.326 [pool-1-thread-5] DEBUG com.intuit.karate - request:
1 > POST http://customercoreservices.wom.uat/ocp/srv40175-1-0/rest/challenger/56945089178
1 > 'Content-Type': application/json
1 > Cookie: ed1f3e57adf6dbe2b2db96fad0e07d5a=4c23b5f169329d6e169165d05606d02e
1 > Content-Type: application/json; charset=UTF-8
1 > Content-Length: 91
1 > Host: customercoreservices.wom.uat
1 > Connection: Keep-Alive
1 > User-Agent: Apache-HttpClient/4.5.13 (Java/15.0.2)
1 > Accept-Encoding: gzip,deflate
{"length":"","media":"sms","channel":"app","transaction":"1213123","typeChallenger":"code"}

10:51:10.329 [pool-1-thread-2] DEBUG com.intuit.karate - request:
1 > POST http://customercoreservices.wom.uat/ocp/srv40175-1-0/rest/challenger/56945089178
1 > 'Content-Type': application/json
1 > Cookie: ed1f3e57adf6dbe2b2db96fad0e07d5a=4c23b5f169329d6e169165d05606d02e
1 > Content-Type: application/json; charset=UTF-8
1 > Content-Length: 89
1 > Host: customercoreservices.wom.uat
1 > Connection: Keep-Alive
1 > User-Agent: Apache-HttpClient/4.5.13 (Java/15.0.2)
1 > Accept-Encoding: gzip,deflate
{"length":"6","media":"sms","channel":"","transaction":"1213123","typeChallenger":"code"}

10:51:10.332 [pool-1-thread-4] DEBUG com.intuit.karate - request:
1 > POST http://customercoreservices.wom.uat/ocp/srv40175-1-0/rest/challenger/56945089178
1 > 'Content-Type': application/json
1 > Cookie: ed1f3e57adf6dbe2b2db96fad0e07d5a=4c23b5f169329d6e169165d05606d02e
1 > Content-Type: application/json; charset=UTF-8
1 > Content-Length: 89
1 > Host: customercoreservices.wom.uat
1 > Connection: Keep-Alive
1 > User-Agent: Apache-HttpClient/4.5.13 (Java/15.0.2)
1 > Accept-Encoding: gzip,deflate
{"length":"6","media":"","channel":"app","transaction":"1213123","typeChallenger":"code"}

10:51:10.379 [pool-1-thread-3] DEBUG com.intuit.karate - response time in milliseconds: 61
1 < 400
1 < Server-Timing: intid;desc=4431f21fbbbc5c07
1 < Content-Type: application/json;charset=UTF-8
1 < Transfer-Encoding: chunked
1 < Date: Tue, 22 Mar 2022 13:51:10 GMT
{"codigoError":"400","mensajeError":"Invalid URL parameter value","detail":[{"field":"getChallenger.contact","message":"size must be between 11 and 11","rejectedValue":"5699007606"}]}
10:51:10.380 [pool-1-thread-4] DEBUG com.intuit.karate - response time in milliseconds: 47
1 < 400
1 < Server-Timing: intid;desc=642cb2a7fad772a1
1 < Content-Type: application/json;charset=UTF-8
1 < Transfer-Encoding: chunked
1 < Date: Tue, 22 Mar 2022 13:51:10 GMT
{"codigoError":"400","mensajeError":"Bad Request","detail":[{"field":"media","message":"Debe ingresar tipo de medio sms o mail","rejectedValue":""},{"field":"media","message":"Debe ingresar tipo de medio sms o mail, no debe ser vacio","rejectedValue":""}]}
10:51:10.388 [pool-1-thread-5] DEBUG com.intuit.karate - response time in milliseconds: 61
1 < 400
1 < Server-Timing: intid;desc=d99e4bd0e8ea8d4b
1 < Content-Type: application/json;charset=UTF-8
1 < Transfer-Encoding: chunked
1 < Date: Tue, 22 Mar 2022 13:51:10 GMT
{"codigoError":"400","mensajeError":"Bad Request","detail":[{"field":"length","message":"Debe ingresar largo del digito a generar no debe ser vacio","rejectedValue":""},{"field":"length","message":"Largo de codigo minimo 4","rejectedValue":""}]}
10:51:10.392 [pool-1-thread-2] DEBUG com.intuit.karate - response time in milliseconds: 62
1 < 400
1 < Server-Timing: intid;desc=0eda8bc43ccef60f
1 < Content-Type: application/json;charset=UTF-8
1 < Transfer-Encoding: chunked
1 < Date: Tue, 22 Mar 2022 13:51:10 GMT
{"codigoError":"400","mensajeError":"Bad Request","detail":[{"field":"channel","message":"Debe ingresar canal, no debe ser vacio","rejectedValue":""}]}
10:51:10.392 [pool-1-thread-3] INFO  com.intuit.karate - karate.env system property was: null 
10:51:10.395 [pool-1-thread-4] INFO  com.intuit.karate - karate.env system property was: null 
10:51:10.396 [pool-1-thread-3] DEBUG com.intuit.karate - request:
1 > POST http://customercoreservices.wom.uat/ocp/srv40175-1-0/rest/challenger/56945089178
1 > 'Content-Type': application/json
1 > Cookie: ed1f3e57adf6dbe2b2db96fad0e07d5a=4c23b5f169329d6e169165d05606d02e
1 > Content-Type: application/json; charset=UTF-8
1 > Content-Length: 85
1 > Host: customercoreservices.wom.uat
1 > Connection: Keep-Alive
1 > User-Agent: Apache-HttpClient/4.5.13 (Java/15.0.2)
1 > Accept-Encoding: gzip,deflate
{"length":"6","media":"sms","channel":"app","transaction":"","typeChallenger":"code"}

10:51:10.399 [pool-1-thread-5] INFO  com.intuit.karate - karate.env system property was: null 
10:51:10.401 [pool-1-thread-4] DEBUG com.intuit.karate - request:
1 > POST http://customercoreservices.wom.uat/ocp/srv40175-1-0/rest/challenger/56945089178
1 > 'Content-Type': application/json
1 > Cookie: ed1f3e57adf6dbe2b2db96fad0e07d5a=4c23b5f169329d6e169165d05606d02e
1 > Content-Type: application/json; charset=UTF-8
1 > Content-Length: 88
1 > Host: customercoreservices.wom.uat
1 > Connection: Keep-Alive
1 > User-Agent: Apache-HttpClient/4.5.13 (Java/15.0.2)
1 > Accept-Encoding: gzip,deflate
{"length":"6","media":"sms","channel":"app","transaction":"1213123","typeChallenger":""}

10:51:10.405 [pool-1-thread-5] DEBUG com.intuit.karate - request:
1 > PUT http://customercoreservices.wom.uat/ocp/srv40175-1-0/rest/challenger
1 > 'Content-Type': application/json
1 > Content-Type: application/json; charset=UTF-8
1 > Content-Length: 131
1 > Host: customercoreservices.wom.uat
1 > Connection: Keep-Alive
1 > User-Agent: Apache-HttpClient/4.5.13 (Java/15.0.2)
1 > Accept-Encoding: gzip,deflate
{"contact":"56945089178","channel":"app","challenge":[{"code":"15ccf865bf653a95ac8647afc063988522e5a185701a65975818601f5d1231db"}]}

10:51:10.407 [pool-1-thread-2] INFO  com.intuit.karate - karate.env system property was: null 
10:51:10.411 [pool-1-thread-2] DEBUG com.intuit.karate - request:
1 > GET http://customercoreservices.wom.uat/ocp/srv40175-1-0/rest/challenger
1 > 'Content-Type': application/json
1 > Content-Type: application/json; charset=UTF-8
1 > Content-Length: 131
1 > Host: customercoreservices.wom.uat
1 > Connection: Keep-Alive
1 > User-Agent: Apache-HttpClient/4.5.13 (Java/15.0.2)
1 > Accept-Encoding: gzip,deflate
{"contact":"56945089178","channel":"app","challenge":[{"code":"15ccf865bf653a95ac8647afc063988522e5a185701a65975818601f5d1231db"}]}

10:51:10.471 [pool-1-thread-4] DEBUG com.intuit.karate - response time in milliseconds: 70
1 < 400
1 < Server-Timing: intid;desc=a2a344263c00d957
1 < Content-Type: application/json;charset=UTF-8
1 < Transfer-Encoding: chunked
1 < Date: Tue, 22 Mar 2022 13:51:10 GMT
{"codigoError":"400","mensajeError":"Bad Request","detail":[{"field":"typeChallenger","message":"Debe ingresar tipo de factor de autentificación, tipos code","rejectedValue":""},{"field":"typeChallenger","message":"Debe ingresar tipo de factor de autentificación, no debe ser vacio","rejectedValue":""}]}
10:51:10.471 [pool-1-thread-2] DEBUG com.intuit.karate - response time in milliseconds: 60
1 < 405
1 < Server-Timing: intid;desc=b3c722ea88e6b6e1
1 < Content-Type: application/json;charset=UTF-8
1 < Transfer-Encoding: chunked
1 < Date: Tue, 22 Mar 2022 13:51:10 GMT
1 < Cache-control: private
1 < Set-Cookie: ed1f3e57adf6dbe2b2db96fad0e07d5a=4c23b5f169329d6e169165d05606d02e; Domain=customercoreservices.wom.uat
{"codigoError":"405","mensajeError":"Method Not Allowed","detail":[]}
10:51:10.472 [pool-1-thread-1] DEBUG com.intuit.karate - response time in milliseconds: 284
1 < 201
1 < Server-Timing: intid;desc=91cdea2fd41087c1
1 < Content-Type: application/json;charset=UTF-8
1 < Transfer-Encoding: chunked
1 < Date: Tue, 22 Mar 2022 13:51:10 GMT
1 < Set-Cookie: ed1f3e57adf6dbe2b2db96fad0e07d5a=4c23b5f169329d6e169165d05606d02e; Domain=customercoreservices.wom.uat
{"length":6,"media":"sms","contact":"56945089178","channel":"app","transaction":"1213123","typeChallenger":"code","challenge":[{"code":"c9a0a7fb415c594dc9d3454b76509bdad3e013a8dacdc397e4b24c986a795fd9"}],"count":340,"conditions":"5d3afcf28ce1b96dd5e17294","state":"active","startDate":"2022-03-22T13:51:10.804+0000","endDate":"2022-03-22T13:55:10.804+0000","validated":null}
10:51:10.485 [pool-1-thread-4] INFO  com.intuit.karate - karate.env system property was: null 
10:51:10.485 [pool-1-thread-2] INFO  com.intuit.karate - karate.env system property was: null 
10:51:10.485 [pool-1-thread-1] INFO  com.intuit.karate - karate.env system property was: null 
10:51:10.494 [pool-1-thread-5] DEBUG com.intuit.karate - response time in milliseconds: 89
1 < 200
1 < Server-Timing: intid;desc=97aac75bc383f057
1 < Content-Type: application/json;charset=UTF-8
1 < Transfer-Encoding: chunked
1 < Date: Tue, 22 Mar 2022 13:51:10 GMT
1 < Set-Cookie: ed1f3e57adf6dbe2b2db96fad0e07d5a=4c23b5f169329d6e169165d05606d02e; Domain=customercoreservices.wom.uat
{"length":6,"media":"sms","contact":"56945089178","channel":"app","transaction":"1213123","typeChallenger":"code","challenge":[{"code":"15ccf865bf653a95ac8647afc063988522e5a185701a65975818601f5d1231db"}],"count":36,"conditions":"5d3afcf28ce1b96dd5e17294","state":"expired","startDate":"2020-11-09T02:55:54.354+0000","endDate":"2020-11-09T02:59:54.354+0000","validated":"2022-03-22T13:51:10.987+0000"}
10:51:10.495 [pool-1-thread-2] DEBUG com.intuit.karate - request:
1 > PATCH http://customercoreservices.wom.uat/ocp/srv40175-1-0/rest/challenger
1 > 'Content-Type': application/json
1 > Cookie: ed1f3e57adf6dbe2b2db96fad0e07d5a=4c23b5f169329d6e169165d05606d02e
1 > Content-Type: application/json; charset=UTF-8
1 > Content-Length: 131
1 > Host: customercoreservices.wom.uat
1 > Connection: Keep-Alive
1 > User-Agent: Apache-HttpClient/4.5.13 (Java/15.0.2)
1 > Accept-Encoding: gzip,deflate
{"contact":"56945089178","channel":"app","challenge":[{"code":"15ccf865bf653a95ac8647afc063988522e5a185701a65975818601f5d1231db"}]}

10:51:10.495 [pool-1-thread-4] DEBUG com.intuit.karate - request:
1 > POST http://customercoreservices.wom.uat/ocp/srv40175-1-0/rest/challenger
1 > 'Content-Type': application/json
1 > Cookie: ed1f3e57adf6dbe2b2db96fad0e07d5a=4c23b5f169329d6e169165d05606d02e
1 > Content-Type: application/json; charset=UTF-8
1 > Content-Length: 131
1 > Host: customercoreservices.wom.uat
1 > Connection: Keep-Alive
1 > User-Agent: Apache-HttpClient/4.5.13 (Java/15.0.2)
1 > Accept-Encoding: gzip,deflate
{"contact":"56945089178","channel":"app","challenge":[{"code":"15ccf865bf653a95ac8647afc063988522e5a185701a65975818601f5d1231db"}]}

10:51:10.497 [pool-1-thread-1] DEBUG com.intuit.karate - request:
1 > DELETE http://customercoreservices.wom.uat/ocp/srv40175-1-0/rest/challenger
1 > 'Content-Type': application/json
1 > Cookie: ed1f3e57adf6dbe2b2db96fad0e07d5a=4c23b5f169329d6e169165d05606d02e
1 > Content-Type: application/json; charset=UTF-8
1 > Content-Length: 131
1 > Host: customercoreservices.wom.uat
1 > Connection: Keep-Alive
1 > User-Agent: Apache-HttpClient/4.5.13 (Java/15.0.2)
1 > Accept-Encoding: gzip,deflate
{"contact":"56945089178","channel":"app","challenge":[{"code":"15ccf865bf653a95ac8647afc063988522e5a185701a65975818601f5d1231db"}]}

10:51:10.508 [pool-1-thread-5] INFO  com.intuit.karate - karate.env system property was: null 
10:51:10.512 [pool-1-thread-5] DEBUG com.intuit.karate - request:
1 > PUT http://customercoreservices.wom.uat/ocp/srv40175-1-0/rest/challenger
1 > 'Content-Type': application/json
1 > Cookie: ed1f3e57adf6dbe2b2db96fad0e07d5a=4c23b5f169329d6e169165d05606d02e
1 > Content-Type: application/json; charset=UTF-8
1 > Content-Length: 129
1 > Host: customercoreservices.wom.uat
1 > Connection: Keep-Alive
1 > User-Agent: Apache-HttpClient/4.5.13 (Java/15.0.2)
1 > Accept-Encoding: gzip,deflate
{"contact":"594508917","channel":"app","challenge":[{"code":"15ccf865bf653a95ac8647afc063988522e5a185701a65975818601f5d1231db"}]}

10:51:10.543 [pool-1-thread-1] DEBUG com.intuit.karate - response time in milliseconds: 45
1 < 405
1 < Server-Timing: intid;desc=50c696b873291c59
1 < Content-Type: application/json;charset=UTF-8
1 < Transfer-Encoding: chunked
1 < Date: Tue, 22 Mar 2022 13:51:10 GMT
{"codigoError":"405","mensajeError":"Method Not Allowed","detail":[]}
10:51:10.546 [pool-1-thread-4] DEBUG com.intuit.karate - response time in milliseconds: 50
1 < 405
1 < Server-Timing: intid;desc=81b701d9b1fe0fbd
1 < Content-Type: application/json;charset=UTF-8
1 < Transfer-Encoding: chunked
1 < Date: Tue, 22 Mar 2022 13:51:10 GMT
{"codigoError":"405","mensajeError":"Method Not Allowed","detail":[]}
10:51:10.546 [pool-1-thread-2] DEBUG com.intuit.karate - response time in milliseconds: 51
1 < 405
1 < Server-Timing: intid;desc=7ce4a41681df0f95
1 < Content-Type: application/json;charset=UTF-8
1 < Transfer-Encoding: chunked
1 < Date: Tue, 22 Mar 2022 13:51:10 GMT
{"codigoError":"405","mensajeError":"Method Not Allowed","detail":[]}
10:51:10.554 [pool-1-thread-1] INFO  com.intuit.karate - karate.env system property was: null 
10:51:10.555 [pool-1-thread-2] INFO  com.intuit.karate - karate.env system property was: null 
10:51:10.555 [pool-1-thread-4] INFO  com.intuit.karate - karate.env system property was: null 
10:51:10.557 [pool-1-thread-1] DEBUG com.intuit.karate - request:
1 > PUT http://customercoreservices.wom.uat/ocp/srv40175-1-0/rest/challenger
1 > 'Content-Type': application/json
1 > Cookie: ed1f3e57adf6dbe2b2db96fad0e07d5a=4c23b5f169329d6e169165d05606d02e
1 > Content-Type: application/json; charset=UTF-8
1 > Content-Length: 130
1 > Host: customercoreservices.wom.uat
1 > Connection: Keep-Alive
1 > User-Agent: Apache-HttpClient/4.5.13 (Java/15.0.2)
1 > Accept-Encoding: gzip,deflate
{"contact":"56945089178","channel":"ap","challenge":[{"code":"15ccf865bf653a95ac8647afc063988522e5a185701a65975818601f5d1231db"}]}

10:51:10.559 [pool-1-thread-2] DEBUG com.intuit.karate - request:
1 > PUT http://customercoreservices.wom.uat/ocp/srv40175-1-0/rest/challenger
1 > 'Content-Type': application/json
1 > Cookie: ed1f3e57adf6dbe2b2db96fad0e07d5a=4c23b5f169329d6e169165d05606d02e
1 > Content-Type: application/json; charset=UTF-8
1 > Content-Length: 130
1 > Host: customercoreservices.wom.uat
1 > Connection: Keep-Alive
1 > User-Agent: Apache-HttpClient/4.5.13 (Java/15.0.2)
1 > Accept-Encoding: gzip,deflate
{"contact":"56945089178","channel":"app","challenge":[{"code":"15ccf865bf653a95ac8647afc063988522e5a185701a65975818601f5d1231d"}]}

10:51:10.560 [pool-1-thread-4] DEBUG com.intuit.karate - request:
1 > PUT http://customercoreservices.wom.uat/ocp/srv40175-1-0/rest/challenger
1 > 'Content-Type': application/json
1 > Cookie: ed1f3e57adf6dbe2b2db96fad0e07d5a=4c23b5f169329d6e169165d05606d02e
1 > Content-Type: application/json; charset=UTF-8
1 > Content-Length: 120
1 > Host: customercoreservices.wom.uat
1 > Connection: Keep-Alive
1 > User-Agent: Apache-HttpClient/4.5.13 (Java/15.0.2)
1 > Accept-Encoding: gzip,deflate
{"contact":"","channel":"app","challenge":[{"code":"15ccf865bf653a95ac8647afc063988522e5a185701a65975818601f5d1231db"}]}

10:51:10.571 [pool-1-thread-5] DEBUG com.intuit.karate - response time in milliseconds: 58
1 < 404
1 < Server-Timing: intid;desc=4a8db6beb1d4a27f
1 < Content-Type: application/json;charset=UTF-8
1 < Transfer-Encoding: chunked
1 < Date: Tue, 22 Mar 2022 13:51:10 GMT
{"codigoError":"CODIGO_NO_VALIDO","mensajeError":"Contacto y/o codigo no son validos","detail":[]}
10:51:10.577 [pool-1-thread-5] INFO  com.intuit.karate - karate.env system property was: null 
10:51:10.581 [pool-1-thread-5] DEBUG com.intuit.karate - request:
1 > PUT http://customercoreservices.wom.uat/ocp/srv40175-1-0/rest/challenger
1 > 'Content-Type': application/json
1 > Cookie: ed1f3e57adf6dbe2b2db96fad0e07d5a=4c23b5f169329d6e169165d05606d02e
1 > Content-Type: application/json; charset=UTF-8
1 > Content-Length: 128
1 > Host: customercoreservices.wom.uat
1 > Connection: Keep-Alive
1 > User-Agent: Apache-HttpClient/4.5.13 (Java/15.0.2)
1 > Accept-Encoding: gzip,deflate
{"contact":"56945089178","channel":"","challenge":[{"code":"15ccf865bf653a95ac8647afc063988522e5a185701a65975818601f5d1231db"}]}

10:51:10.581 [pool-1-thread-3] DEBUG com.intuit.karate - response time in milliseconds: 185
1 < 201
1 < Server-Timing: intid;desc=17faf5d225afcd85
1 < Content-Type: application/json;charset=UTF-8
1 < Transfer-Encoding: chunked
1 < Date: Tue, 22 Mar 2022 13:51:10 GMT
{"length":6,"media":"sms","contact":"56945089178","channel":"app","transaction":"","typeChallenger":"code","challenge":[{"code":"7390e1e1b1c12ab0e12575249731523ea39cbef71640a217148abc8acf01f54b"}],"count":341,"conditions":"5d3afcf28ce1b96dd5e17294","state":"active","startDate":"2022-03-22T13:51:10.990+0000","endDate":"2022-03-22T13:55:10.990+0000","validated":null}
10:51:10.589 [pool-1-thread-3] INFO  com.intuit.karate - karate.env system property was: null 
10:51:10.594 [pool-1-thread-3] DEBUG com.intuit.karate - request:
1 > PUT http://customercoreservices.wom.uat/ocp/srv40175-1-0/rest/challenger
1 > 'Content-Type': application/json
1 > Cookie: ed1f3e57adf6dbe2b2db96fad0e07d5a=4c23b5f169329d6e169165d05606d02e
1 > Content-Type: application/json; charset=UTF-8
1 > Content-Length: 67
1 > Host: customercoreservices.wom.uat
1 > Connection: Keep-Alive
1 > User-Agent: Apache-HttpClient/4.5.13 (Java/15.0.2)
1 > Accept-Encoding: gzip,deflate
{"contact":"56945089178","channel":"app","challenge":[{"code":""}]}

10:51:10.641 [pool-1-thread-1] DEBUG com.intuit.karate - response time in milliseconds: 83
1 < 404
1 < Server-Timing: intid;desc=6a57597f7aaceca7
1 < Content-Type: application/json;charset=UTF-8
1 < Transfer-Encoding: chunked
1 < Date: Tue, 22 Mar 2022 13:51:10 GMT
{"codigoError":"CODIGO_NO_VALIDO","mensajeError":"Contacto y/o codigo no son validos","detail":[]}
10:51:10.641 [pool-1-thread-4] DEBUG com.intuit.karate - response time in milliseconds: 81
1 < 400
1 < Server-Timing: intid;desc=5900ed6a28f9418d
1 < Content-Type: application/json;charset=UTF-8
1 < Transfer-Encoding: chunked
1 < Date: Tue, 22 Mar 2022 13:51:10 GMT
{"codigoError":"400","mensajeError":"Bad Request","detail":[{"field":"contact","message":"Debe ingresar contacto","rejectedValue":""}]}
10:51:10.641 [pool-1-thread-2] DEBUG com.intuit.karate - response time in milliseconds: 81
1 < 404
1 < Server-Timing: intid;desc=1267bae5bc4192ab
1 < Content-Type: application/json;charset=UTF-8
1 < Transfer-Encoding: chunked
1 < Date: Tue, 22 Mar 2022 13:51:10 GMT
{"codigoError":"CODIGO_NO_VALIDO","mensajeError":"Contacto y/o codigo no son validos","detail":[]}
10:51:10.649 [pool-1-thread-1] INFO  com.intuit.karate - karate.env system property was: null 
10:51:10.652 [pool-1-thread-1] DEBUG com.intuit.karate - request:
1 > POST http://fttx.wom.uat/ocp/resource/srv40262-1-0/rest/resourcePoolManagement/availabilityCheck
1 > Content-Type: application/json; charset=UTF-8
1 > Content-Length: 57
1 > Host: fttx.wom.uat
1 > Connection: Keep-Alive
1 > User-Agent: Apache-HttpClient/4.5.13 (Java/15.0.2)
1 > Accept-Encoding: gzip,deflate
{"addrId":"211215105969782020","prodInstId":"","spId":""}

10:51:10.656 [pool-1-thread-4] INFO  com.intuit.karate - karate.env system property was: null 
10:51:10.656 [pool-1-thread-2] INFO  com.intuit.karate - karate.env system property was: null 
10:51:10.659 [pool-1-thread-2] DEBUG com.intuit.karate - request:
1 > POST http://fttx.wom.uat/ocp/resource/srv40262-1-0/rest/resourcePoolManagement/availabilityCheck
1 > Content-Type: application/json; charset=UTF-8
1 > Content-Length: 39
1 > Host: fttx.wom.uat
1 > Connection: Keep-Alive
1 > User-Agent: Apache-HttpClient/4.5.13 (Java/15.0.2)
1 > Accept-Encoding: gzip,deflate
{"addrId":"","prodInstId":"","spId":""}

10:51:10.659 [pool-1-thread-4] DEBUG com.intuit.karate - request:
1 > POST http://fttx.wom.uat/ocp/resource/srv40262-1-0/rest/resourcePoolManagement/availabilityCheck
1 > Content-Type: application/json; charset=UTF-8
1 > Content-Length: 57
1 > Host: fttx.wom.uat
1 > Connection: Keep-Alive
1 > User-Agent: Apache-HttpClient/4.5.13 (Java/15.0.2)
1 > Accept-Encoding: gzip,deflate
{"addrId":"211215105969782020","prodInstId":"","spId":""}

10:51:10.674 [pool-1-thread-5] DEBUG com.intuit.karate - response time in milliseconds: 93
1 < 400
1 < Server-Timing: intid;desc=c09065a674721f83
1 < Content-Type: application/json;charset=UTF-8
1 < Transfer-Encoding: chunked
1 < Date: Tue, 22 Mar 2022 13:51:10 GMT
{"codigoError":"400","mensajeError":"Bad Request","detail":[{"field":"channel","message":"Debe ingresar canal, no debe ser vacio","rejectedValue":""}]}
10:51:10.682 [pool-1-thread-5] INFO  com.intuit.karate - karate.env system property was: null 
10:51:10.688 [pool-1-thread-5] DEBUG com.intuit.karate - request:
1 > DELETE http://fttx.wom.uat/ocp/resource/srv40262-1-0/rest/resourcePoolManagement/resourcePool/21121617140699683
1 > Host: fttx.wom.uat
1 > Connection: Keep-Alive
1 > User-Agent: Apache-HttpClient/4.5.13 (Java/15.0.2)
1 > Accept-Encoding: gzip,deflate


10:51:10.691 [pool-1-thread-3] DEBUG com.intuit.karate - response time in milliseconds: 95
1 < 400
1 < Server-Timing: intid;desc=2863b6bad15095e1
1 < Content-Type: application/json;charset=UTF-8
1 < Transfer-Encoding: chunked
1 < Date: Tue, 22 Mar 2022 13:51:10 GMT
{"codigoError":"400","mensajeError":"Bad Request","detail":[{"field":"challenge[0].code","message":"must not be empty","rejectedValue":""}]}
10:51:10.698 [pool-1-thread-3] INFO  com.intuit.karate - karate.env system property was: null 
10:51:10.701 [pool-1-thread-3] DEBUG com.intuit.karate - request:
1 > DELETE http://fttx.wom.uat/ocp/resource/srv40262-1-0/rest/resourcePoolManagement/resourcePool/21121617140699683
1 > Host: fttx.wom.uat
1 > Connection: Keep-Alive
1 > User-Agent: Apache-HttpClient/4.5.13 (Java/15.0.2)
1 > Accept-Encoding: gzip,deflate


10:51:10.721 [pool-1-thread-2] DEBUG com.intuit.karate - response time in milliseconds: 62
1 < 400
1 < Server-Timing: intid;desc=11b7c64ad79fe39d
1 < Content-Type: application/json;charset=UTF-8
1 < Transfer-Encoding: chunked
1 < Date: Tue, 22 Mar 2022 13:51:11 GMT
1 < Set-Cookie: 25b97f8ce3c85c36f841327c183e18a0=f54b6d43a414ec437e47e20be66ba5eb; Domain=fttx.wom.uat
{"codigoError":"400","mensajeError":"Atributos no validos","subErrors":[{"field":"addrId","message":"size must be between 1 and 100","rejectedValue":""},{"field":"addrId","message":"El campo AddrId no debe ser nulo ni blanco","rejectedValue":""}]}
10:51:10.758 [pool-1-thread-2] INFO  com.intuit.karate - karate.env system property was: null 
10:51:10.773 [pool-1-thread-2] DEBUG com.intuit.karate - request:
1 > POST http://fttx.wom.uat/ocp/resource/srv40262-1-0/rest/resourcePoolManagement/retrieveAddress
1 > Content-Type: application/json; charset=UTF-8
1 > Content-Length: 134
1 > Host: fttx.wom.uat
1 > Connection: Keep-Alive
1 > User-Agent: Apache-HttpClient/4.5.13 (Java/15.0.2)
1 > Accept-Encoding: gzip,deflate
{"areaName":"LAS CONDES","streetName":"Leonardo Da Vinci","houseNo":"7346","houseNoExt":"","pageFlag":"","pageSize":"","pageIndex":""}

10:51:10.832 [pool-1-thread-5] DEBUG com.intuit.karate - response time in milliseconds: 144
1 < 200
1 < Server-Timing: intid;desc=ce7650e5302a29f9
1 < Content-Type: application/json;charset=UTF-8
1 < Transfer-Encoding: chunked
1 < Date: Tue, 22 Mar 2022 13:51:11 GMT
1 < Set-Cookie: 25b97f8ce3c85c36f841327c183e18a0=f54b6d43a414ec437e47e20be66ba5eb; Domain=fttx.wom.uat
{"resultCode":"0","resultDesc":"Success"}
10:51:10.842 [pool-1-thread-5] INFO  com.intuit.karate - karate.env system property was: null 
10:51:10.852 [pool-1-thread-5] DEBUG com.intuit.karate - request:
1 > POST http://fttx.wom.uat/ocp/resource/srv40262-1-0/rest/resourcePoolManagement/retrieveAddress
1 > Content-Type: application/json; charset=UTF-8
1 > Content-Length: 134
1 > Host: fttx.wom.uat
1 > Connection: Keep-Alive
1 > User-Agent: Apache-HttpClient/4.5.13 (Java/15.0.2)
1 > Accept-Encoding: gzip,deflate
{"areaName":"LAS CONDES","streetName":"Leonardo Da Vinci","houseNo":"7346","houseNoExt":"","pageFlag":"","pageSize":"","pageIndex":""}

10:51:10.871 [pool-1-thread-3] DEBUG com.intuit.karate - response time in milliseconds: 170
1 < 200
1 < Server-Timing: intid;desc=75d06e159bdad93d
1 < Content-Type: application/json;charset=UTF-8
1 < Transfer-Encoding: chunked
1 < Date: Tue, 22 Mar 2022 13:51:11 GMT
1 < Set-Cookie: 25b97f8ce3c85c36f841327c183e18a0=f54b6d43a414ec437e47e20be66ba5eb; Domain=fttx.wom.uat
{"resultCode":"0","resultDesc":"Success"}
10:51:10.871 [pool-1-thread-2] DEBUG com.intuit.karate - response time in milliseconds: 98
1 < 200
1 < Server-Timing: intid;desc=78107c21020a7105
1 < Content-Type: application/json;charset=UTF-8
1 < Transfer-Encoding: chunked
1 < Date: Tue, 22 Mar 2022 13:51:11 GMT
1 < Set-Cookie: 25b97f8ce3c85c36f841327c183e18a0=f54b6d43a414ec437e47e20be66ba5eb; Domain=fttx.wom.uat
{"resultCode":"0","success":true,"errorMessage":"SUCCESS","totalCount":"0","pageCount":"0","addrs":[{"areaCode":"C13114","diggingFlag":"","houseNo":"7346","towerNo":"","floorNo":"","streetName":"Leonardo Da Vinci","buildingType":"CASA","houseNoExt":"","longitude":"","latitude":"","addressId":"211214113269666540","addressName":"","areaName":"LAS CONDES","addrGrade":"HOUSE_NUMBER"}]}
10:51:10.884 [pool-1-thread-3] INFO  com.intuit.karate - karate.env system property was: null 
10:51:10.888 [pool-1-thread-2] DEBUG com.intuit.karate - request:
1 > POST http://fttx.wom.uat/ocp/resource/srv40262-1-0/rest/resourcePoolManagement/resourcePool
1 > Content-Type: application/json; charset=UTF-8
1 > Content-Length: 93
1 > Host: fttx.wom.uat
1 > Connection: Keep-Alive
1 > User-Agent: Apache-HttpClient/4.5.13 (Java/15.0.2)
1 > Accept-Encoding: gzip,deflate
{"addressId":"211214113269666540","prodList":"HSI_IPOE:NEW","accMode":"GPON","prodInstId":""}

10:51:10.894 [pool-1-thread-3] DEBUG com.intuit.karate - request:
1 > POST http://fttx.wom.uat/ocp/resource/srv40262-1-0/rest/resourcePoolManagement/retrieveAddress
1 > Content-Type: application/json; charset=UTF-8
1 > Content-Length: 134
1 > Host: fttx.wom.uat
1 > Connection: Keep-Alive
1 > User-Agent: Apache-HttpClient/4.5.13 (Java/15.0.2)
1 > Accept-Encoding: gzip,deflate
{"areaName":"LAS CONDES","streetName":"Leonardo Da Vinci","houseNo":"7346","houseNoExt":"","pageFlag":"","pageSize":"","pageIndex":""}

10:51:10.971 [pool-1-thread-5] DEBUG com.intuit.karate - response time in milliseconds: 119
1 < 200
1 < Server-Timing: intid;desc=0181a863384def81
1 < Content-Type: application/json;charset=UTF-8
1 < Transfer-Encoding: chunked
1 < Date: Tue, 22 Mar 2022 13:51:11 GMT
1 < Set-Cookie: 25b97f8ce3c85c36f841327c183e18a0=f54b6d43a414ec437e47e20be66ba5eb; Domain=fttx.wom.uat
{"resultCode":"0","success":true,"errorMessage":"SUCCESS","totalCount":"0","pageCount":"0","addrs":[{"areaCode":"C13114","diggingFlag":"","houseNo":"7346","towerNo":"","floorNo":"","streetName":"Leonardo Da Vinci","buildingType":"CASA","houseNoExt":"","longitude":"","latitude":"","addressId":"211214113269666540","addressName":"","areaName":"LAS CONDES","addrGrade":"HOUSE_NUMBER"}]}
10:51:10.978 [pool-1-thread-3] DEBUG com.intuit.karate - response time in milliseconds: 83
1 < 200
1 < Server-Timing: intid;desc=5d1dbb546fab3ea5
1 < Content-Type: application/json;charset=UTF-8
1 < Transfer-Encoding: chunked
1 < Date: Tue, 22 Mar 2022 13:51:11 GMT
1 < Set-Cookie: 25b97f8ce3c85c36f841327c183e18a0=f54b6d43a414ec437e47e20be66ba5eb; Domain=fttx.wom.uat
{"resultCode":"0","success":true,"errorMessage":"SUCCESS","totalCount":"0","pageCount":"0","addrs":[{"areaCode":"C13114","diggingFlag":"","houseNo":"7346","towerNo":"","floorNo":"","streetName":"Leonardo Da Vinci","buildingType":"CASA","houseNoExt":"","longitude":"","latitude":"","addressId":"211214113269666540","addressName":"","areaName":"LAS CONDES","addrGrade":"HOUSE_NUMBER"}]}
10:51:10.979 [pool-1-thread-5] DEBUG com.intuit.karate - request:
1 > POST http://fttx.wom.uat/ocp/resource/srv40262-1-0/rest/resourcePoolManagement/resourcePool
1 > Content-Type: application/json; charset=UTF-8
1 > Content-Length: 93
1 > Host: fttx.wom.uat
1 > Connection: Keep-Alive
1 > User-Agent: Apache-HttpClient/4.5.13 (Java/15.0.2)
1 > Accept-Encoding: gzip,deflate
{"addressId":"211214113269666540","prodList":"HSI_IPOE:NEW","accMode":"GPON","prodInstId":""}

10:51:10.987 [pool-1-thread-3] DEBUG com.intuit.karate - request:
1 > POST http://fttx.wom.uat/ocp/resource/srv40262-1-0/rest/resourcePoolManagement/resourcePool
1 > Content-Type: application/json; charset=UTF-8
1 > Content-Length: 75
1 > Host: fttx.wom.uat
1 > Connection: Keep-Alive
1 > User-Agent: Apache-HttpClient/4.5.13 (Java/15.0.2)
1 > Accept-Encoding: gzip,deflate
{"addressId":"","prodList":"HSI_IPOE:NEW","accMode":"GPON","prodInstId":""}

10:51:11.021 [pool-1-thread-3] DEBUG com.intuit.karate - response time in milliseconds: 34
1 < 400
1 < Server-Timing: intid;desc=397bcc09f1301ae5
1 < Content-Type: application/json;charset=UTF-8
1 < Transfer-Encoding: chunked
1 < Date: Tue, 22 Mar 2022 13:51:11 GMT
1 < Set-Cookie: 25b97f8ce3c85c36f841327c183e18a0=f54b6d43a414ec437e47e20be66ba5eb; Domain=fttx.wom.uat
{"codigoError":"400","mensajeError":"Atributos no validos","subErrors":[{"field":"addressId","message":"size must be between 1 and 100","rejectedValue":""},{"field":"addressId","message":"El campo AddressId no debe ser nulo ni blanco","rejectedValue":""}]}
10:51:11.027 [pool-1-thread-3] INFO  com.intuit.karate - karate.env system property was: null 
10:51:11.033 [pool-1-thread-3] DEBUG com.intuit.karate - request:
1 > POST http://fttx.wom.uat/ocp/resource/srv40262-1-0/rest/resourcePoolManagement/retrieveAddress
1 > Content-Type: application/json; charset=UTF-8
1 > Content-Length: 134
1 > Host: fttx.wom.uat
1 > Connection: Keep-Alive
1 > User-Agent: Apache-HttpClient/4.5.13 (Java/15.0.2)
1 > Accept-Encoding: gzip,deflate
{"areaName":"LAS CONDES","streetName":"Leonardo Da Vinci","houseNo":"7346","houseNoExt":"","pageFlag":"","pageSize":"","pageIndex":""}

10:51:11.121 [pool-1-thread-2] DEBUG com.intuit.karate - response time in milliseconds: 233
1 < 200
1 < Server-Timing: intid;desc=fc4d5043ee7fef81
1 < Content-Type: application/json;charset=UTF-8
1 < Transfer-Encoding: chunked
1 < Date: Tue, 22 Mar 2022 13:51:11 GMT
1 < Set-Cookie: 25b97f8ce3c85c36f841327c183e18a0=f54b6d43a414ec437e47e20be66ba5eb; Domain=fttx.wom.uat
{"resultCode":"0","resultDesc":"Success","resReserveId":"220322105108282724"}
10:51:11.124 [pool-1-thread-2] INFO  com.intuit.karate - karate.env system property was: null 
10:51:11.128 [pool-1-thread-2] DEBUG com.intuit.karate - request:
1 > POST http://fttx.wom.uat/ocp/resource/srv40262-1-0/rest/resourcePoolManagement/retrieveAddress
1 > Content-Type: application/json; charset=UTF-8
1 > Content-Length: 134
1 > Host: fttx.wom.uat
1 > Connection: Keep-Alive
1 > User-Agent: Apache-HttpClient/4.5.13 (Java/15.0.2)
1 > Accept-Encoding: gzip,deflate
{"areaName":"LAS CONDES","streetName":"Leonardo Da Vinci","houseNo":"7346","houseNoExt":"","pageFlag":"","pageSize":"","pageIndex":""}

10:51:11.148 [pool-1-thread-3] DEBUG com.intuit.karate - response time in milliseconds: 115
1 < 200
1 < Server-Timing: intid;desc=b31c748b95617e37
1 < Content-Type: application/json;charset=UTF-8
1 < Transfer-Encoding: chunked
1 < Date: Tue, 22 Mar 2022 13:51:11 GMT
1 < Set-Cookie: 25b97f8ce3c85c36f841327c183e18a0=f54b6d43a414ec437e47e20be66ba5eb; Domain=fttx.wom.uat
{"resultCode":"0","success":true,"errorMessage":"SUCCESS","totalCount":"0","pageCount":"0","addrs":[{"areaCode":"C13114","diggingFlag":"","houseNo":"7346","towerNo":"","floorNo":"","streetName":"Leonardo Da Vinci","buildingType":"CASA","houseNoExt":"","longitude":"","latitude":"","addressId":"211214113269666540","addressName":"","areaName":"LAS CONDES","addrGrade":"HOUSE_NUMBER"}]}
10:51:11.152 [pool-1-thread-3] DEBUG com.intuit.karate - request:
1 > POST http://fttx.wom.uat/ocp/resource/srv40262-1-0/rest/resourcePoolManagement/resourcePool
1 > Content-Type: application/json; charset=UTF-8
1 > Content-Length: 81
1 > Host: fttx.wom.uat
1 > Connection: Keep-Alive
1 > User-Agent: Apache-HttpClient/4.5.13 (Java/15.0.2)
1 > Accept-Encoding: gzip,deflate
{"addressId":"211214113269666540","prodList":"","accMode":"GPON","prodInstId":""}

10:51:11.183 [pool-1-thread-5] DEBUG com.intuit.karate - response time in milliseconds: 204
1 < 200
1 < Server-Timing: intid;desc=050464c8a675d229
1 < Content-Type: application/json;charset=UTF-8
1 < Transfer-Encoding: chunked
1 < Date: Tue, 22 Mar 2022 13:51:11 GMT
1 < Set-Cookie: 25b97f8ce3c85c36f841327c183e18a0=f54b6d43a414ec437e47e20be66ba5eb; Domain=fttx.wom.uat
{"resultCode":"0","resultDesc":"Success","resReserveId":"220322105108282725"}
10:51:11.188 [pool-1-thread-5] INFO  com.intuit.karate - karate.env system property was: null 
10:51:11.190 [pool-1-thread-5] DEBUG com.intuit.karate - request:
1 > POST http://fttx.wom.uat/ocp/resource/srv40262-1-0/rest/resourcePoolManagement/retrieveAddress
1 > Content-Type: application/json; charset=UTF-8
1 > Content-Length: 134
1 > Host: fttx.wom.uat
1 > Connection: Keep-Alive
1 > User-Agent: Apache-HttpClient/4.5.13 (Java/15.0.2)
1 > Accept-Encoding: gzip,deflate
{"areaName":"LAS CONDES","streetName":"Leonardo Da Vinci","houseNo":"7346","houseNoExt":"","pageFlag":"","pageSize":"","pageIndex":""}

10:51:11.221 [pool-1-thread-3] DEBUG com.intuit.karate - response time in milliseconds: 69
1 < 400
1 < Server-Timing: intid;desc=4c17a856920c5b37
1 < Content-Type: application/json;charset=UTF-8
1 < Transfer-Encoding: chunked
1 < Date: Tue, 22 Mar 2022 13:51:11 GMT
1 < Set-Cookie: 25b97f8ce3c85c36f841327c183e18a0=f54b6d43a414ec437e47e20be66ba5eb; Domain=fttx.wom.uat
{"codigoError":"400","mensajeError":"Atributos no validos","subErrors":[{"field":"prodList","message":"El campo prodList no debe ser nulo ni blanco","rejectedValue":""},{"field":"prodList","message":"size must be between 1 and 100","rejectedValue":""}]}
10:51:11.221 [pool-1-thread-2] DEBUG com.intuit.karate - response time in milliseconds: 93
1 < 200
1 < Server-Timing: intid;desc=c07b7c90ce3ea737
1 < Content-Type: application/json;charset=UTF-8
1 < Transfer-Encoding: chunked
1 < Date: Tue, 22 Mar 2022 13:51:11 GMT
1 < Set-Cookie: 25b97f8ce3c85c36f841327c183e18a0=f54b6d43a414ec437e47e20be66ba5eb; Domain=fttx.wom.uat
{"resultCode":"0","success":true,"errorMessage":"SUCCESS","totalCount":"0","pageCount":"0","addrs":[{"areaCode":"C13114","diggingFlag":"","houseNo":"7346","towerNo":"","floorNo":"","streetName":"Leonardo Da Vinci","buildingType":"CASA","houseNoExt":"","longitude":"","latitude":"","addressId":"211214113269666540","addressName":"","areaName":"LAS CONDES","addrGrade":"HOUSE_NUMBER"}]}
10:51:11.240 [pool-1-thread-2] DEBUG com.intuit.karate - request:
1 > POST http://fttx.wom.uat/ocp/resource/srv40262-1-0/rest/resourcePoolManagement/resourcePool
1 > Content-Type: application/json; charset=UTF-8
1 > Content-Length: 89
1 > Host: fttx.wom.uat
1 > Connection: Keep-Alive
1 > User-Agent: Apache-HttpClient/4.5.13 (Java/15.0.2)
1 > Accept-Encoding: gzip,deflate
{"addressId":"211214113269666540","prodList":"HSI_IPOE:NEW","accMode":"","prodInstId":""}

10:51:11.241 [pool-1-thread-3] INFO  com.intuit.karate - karate.env system property was: null 
10:51:11.243 [pool-1-thread-3] DEBUG com.intuit.karate - request:
1 > POST http://fttx.wom.uat/ocp/resource/srv40262-1-0/rest/resourcePoolManagement/retrieveAddress
1 > Content-Type: application/json; charset=UTF-8
1 > Content-Length: 134
1 > Host: fttx.wom.uat
1 > Connection: Keep-Alive
1 > User-Agent: Apache-HttpClient/4.5.13 (Java/15.0.2)
1 > Accept-Encoding: gzip,deflate
{"areaName":"LAS CONDES","streetName":"Leonardo Da Vinci","houseNo":"7346","houseNoExt":"","pageFlag":"","pageSize":"","pageIndex":""}

10:51:11.279 [pool-1-thread-5] DEBUG com.intuit.karate - response time in milliseconds: 89
1 < 200
1 < Server-Timing: intid;desc=ca4b6b8405414fcb
1 < Content-Type: application/json;charset=UTF-8
1 < Transfer-Encoding: chunked
1 < Date: Tue, 22 Mar 2022 13:51:11 GMT
1 < Set-Cookie: 25b97f8ce3c85c36f841327c183e18a0=f54b6d43a414ec437e47e20be66ba5eb; Domain=fttx.wom.uat
{"resultCode":"0","success":true,"errorMessage":"SUCCESS","totalCount":"0","pageCount":"0","addrs":[{"areaCode":"C13114","diggingFlag":"","houseNo":"7346","towerNo":"","floorNo":"","streetName":"Leonardo Da Vinci","buildingType":"CASA","houseNoExt":"","longitude":"","latitude":"","addressId":"211214113269666540","addressName":"","areaName":"LAS CONDES","addrGrade":"HOUSE_NUMBER"}]}
10:51:11.284 [pool-1-thread-5] INFO  com.intuit.karate - karate.env system property was: null 
10:51:11.286 [pool-1-thread-5] DEBUG com.intuit.karate - request:
1 > POST http://fttx.wom.uat/ocp/resource/srv40262-1-0/rest/resourcePoolManagement/retrieveAddress
1 > Content-Type: application/json; charset=UTF-8
1 > Content-Length: 126
1 > Host: fttx.wom.uat
1 > Connection: Keep-Alive
1 > User-Agent: Apache-HttpClient/4.5.13 (Java/15.0.2)
1 > Accept-Encoding: gzip,deflate
{"areaName":"SANTIAGO","streetName":"LAS ENCINAS","houseNo":"3298","houseNoExt":"","pageFlag":"","pageSize":"","pageIndex":""}

10:51:11.302 [pool-2-thread-1] INFO  com.intuit.karate.Suite - <<pass>> feature 1 of 8 (7 remaining) classpath:qa/feature/srv40175-1-0/srv40175-1-0-post.feature
10:51:11.321 [pool-1-thread-2] DEBUG com.intuit.karate - response time in milliseconds: 80
1 < 400
1 < Server-Timing: intid;desc=1d724f399e1fa49b
1 < Content-Type: application/json;charset=UTF-8
1 < Transfer-Encoding: chunked
1 < Date: Tue, 22 Mar 2022 13:51:11 GMT
1 < Set-Cookie: 25b97f8ce3c85c36f841327c183e18a0=f54b6d43a414ec437e47e20be66ba5eb; Domain=fttx.wom.uat
{"codigoError":"400","mensajeError":"Atributos no validos","subErrors":[{"field":"accMode","message":"size must be between 1 and 10","rejectedValue":""},{"field":"accMode","message":"El campo AccMode no debe ser nulo ni blanco","rejectedValue":""}]}
10:51:11.325 [pool-1-thread-2] INFO  com.intuit.karate - karate.env system property was: null 
10:51:11.327 [pool-1-thread-2] DEBUG com.intuit.karate - request:
1 > POST http://fttx.wom.uat/ocp/resource/srv40262-1-0/rest/resourcePoolManagement/retrieveAddress
1 > Content-Type: application/json; charset=UTF-8
1 > Content-Length: 118
1 > Host: fttx.wom.uat
1 > Connection: Keep-Alive
1 > User-Agent: Apache-HttpClient/4.5.13 (Java/15.0.2)
1 > Accept-Encoding: gzip,deflate
{"areaName":"","streetName":"LAS ENCINAS","houseNo":"3298","houseNoExt":"","pageFlag":"","pageSize":"","pageIndex":""}

10:51:11.348 [pool-1-thread-5] DEBUG com.intuit.karate - response time in milliseconds: 62
1 < 200
1 < Server-Timing: intid;desc=94d9f6a020354fc7
1 < Content-Type: application/json;charset=UTF-8
1 < Transfer-Encoding: chunked
1 < Date: Tue, 22 Mar 2022 13:51:11 GMT
1 < Set-Cookie: 25b97f8ce3c85c36f841327c183e18a0=f54b6d43a414ec437e47e20be66ba5eb; Domain=fttx.wom.uat
{"resultCode":"0","success":true,"errorMessage":"SUCCESS","totalCount":"0","pageCount":"0","addrs":[]}
10:51:11.352 [pool-1-thread-3] DEBUG com.intuit.karate - response time in milliseconds: 108
1 < 200
1 < Server-Timing: intid;desc=1a66b66d59574bd5
1 < Content-Type: application/json;charset=UTF-8
1 < Transfer-Encoding: chunked
1 < Date: Tue, 22 Mar 2022 13:51:11 GMT
1 < Set-Cookie: 25b97f8ce3c85c36f841327c183e18a0=f54b6d43a414ec437e47e20be66ba5eb; Domain=fttx.wom.uat
{"resultCode":"0","success":true,"errorMessage":"SUCCESS","totalCount":"0","pageCount":"0","addrs":[{"areaCode":"C13114","diggingFlag":"","houseNo":"7346","towerNo":"","floorNo":"","streetName":"Leonardo Da Vinci","buildingType":"CASA","houseNoExt":"","longitude":"","latitude":"","addressId":"211214113269666540","addressName":"","areaName":"LAS CONDES","addrGrade":"HOUSE_NUMBER"}]}
10:51:11.356 [pool-1-thread-5] INFO  com.intuit.karate - karate.env system property was: null 
10:51:11.358 [pool-1-thread-3] INFO  com.intuit.karate - karate.env system property was: null 
10:51:11.359 [pool-1-thread-5] DEBUG com.intuit.karate - request:
1 > POST http://fttx.wom.uat/ocp/resource/srv40262-1-0/rest/resourcePoolManagement/retrieveAddress
1 > Content-Type: application/json; charset=UTF-8
1 > Content-Length: 118
1 > Host: fttx.wom.uat
1 > Connection: Keep-Alive
1 > User-Agent: Apache-HttpClient/4.5.13 (Java/15.0.2)
1 > Accept-Encoding: gzip,deflate
{"areaName":"","streetName":"LAS ENCINAS","houseNo":"3298","houseNoExt":"","pageFlag":"","pageSize":"","pageIndex":""}

10:51:11.360 [pool-1-thread-3] DEBUG com.intuit.karate - request:
1 > POST http://fttx.wom.uat/ocp/resource/srv40262-1-0/rest/resourcePoolManagement/retrieveAddress
1 > Content-Type: application/json; charset=UTF-8
1 > Content-Length: 115
1 > Host: fttx.wom.uat
1 > Connection: Keep-Alive
1 > User-Agent: Apache-HttpClient/4.5.13 (Java/15.0.2)
1 > Accept-Encoding: gzip,deflate
{"areaName":"SANTIAGO","streetName":"","houseNo":"3298","houseNoExt":"","pageFlag":"","pageSize":"","pageIndex":""}

10:51:11.371 [pool-1-thread-2] DEBUG com.intuit.karate - response time in milliseconds: 44
1 < 400
1 < Server-Timing: intid;desc=0ce8868c4f5402eb
1 < Content-Type: application/json;charset=UTF-8
1 < Transfer-Encoding: chunked
1 < Date: Tue, 22 Mar 2022 13:51:11 GMT
1 < Set-Cookie: 25b97f8ce3c85c36f841327c183e18a0=f54b6d43a414ec437e47e20be66ba5eb; Domain=fttx.wom.uat
{"codigoError":"400","mensajeError":"Atributos no validos","subErrors":[{"field":"areaName","message":"size must be between 1 and 100","rejectedValue":""},{"field":"areaName","message":"El campo AreaName no debe ser nulo ni blanco","rejectedValue":""}]}
10:51:11.379 [pool-1-thread-2] INFO  com.intuit.karate - karate.env system property was: null 
10:51:11.383 [pool-1-thread-2] DEBUG com.intuit.karate - request:
1 > POST http://fttx.wom.uat/ocp/resource/srv40262-1-0/rest/resourcePoolManagement/retrieveAddress
1 > Content-Type: application/json; charset=UTF-8
1 > Content-Length: 122
1 > Host: fttx.wom.uat
1 > Connection: Keep-Alive
1 > User-Agent: Apache-HttpClient/4.5.13 (Java/15.0.2)
1 > Accept-Encoding: gzip,deflate
{"areaName":"SANTIAGO","streetName":"LAS ENCINAS","houseNo":"","houseNoExt":"","pageFlag":"","pageSize":"","pageIndex":""}

10:51:11.394 [pool-1-thread-3] DEBUG com.intuit.karate - response time in milliseconds: 33
1 < 400
1 < Server-Timing: intid;desc=1dcb9c2e521f7457
1 < Content-Type: application/json;charset=UTF-8
1 < Transfer-Encoding: chunked
1 < Date: Tue, 22 Mar 2022 13:51:11 GMT
1 < Set-Cookie: 25b97f8ce3c85c36f841327c183e18a0=f54b6d43a414ec437e47e20be66ba5eb; Domain=fttx.wom.uat
{"codigoError":"400","mensajeError":"Atributos no validos","subErrors":[{"field":"streetName","message":"El campo StreetName no debe ser nulo ni blanco","rejectedValue":""},{"field":"streetName","message":"size must be between 1 and 100","rejectedValue":""}]}
10:51:11.400 [pool-1-thread-5] DEBUG com.intuit.karate - response time in milliseconds: 41
1 < 400
1 < Server-Timing: intid;desc=3068adc12e2fa713
1 < Content-Type: application/json;charset=UTF-8
1 < Transfer-Encoding: chunked
1 < Date: Tue, 22 Mar 2022 13:51:11 GMT
1 < Set-Cookie: 25b97f8ce3c85c36f841327c183e18a0=f54b6d43a414ec437e47e20be66ba5eb; Domain=fttx.wom.uat
{"codigoError":"400","mensajeError":"Atributos no validos","subErrors":[{"field":"areaName","message":"El campo AreaName no debe ser nulo ni blanco","rejectedValue":""},{"field":"areaName","message":"size must be between 1 and 100","rejectedValue":""}]}
10:51:11.425 [pool-1-thread-2] DEBUG com.intuit.karate - response time in milliseconds: 42
1 < 400
1 < Server-Timing: intid;desc=bba75c8fbef288b5
1 < Content-Type: application/json;charset=UTF-8
1 < Transfer-Encoding: chunked
1 < Date: Tue, 22 Mar 2022 13:51:11 GMT
1 < Set-Cookie: 25b97f8ce3c85c36f841327c183e18a0=f54b6d43a414ec437e47e20be66ba5eb; Domain=fttx.wom.uat
{"codigoError":"400","mensajeError":"Atributos no validos","subErrors":[{"field":"houseNo","message":"El campo HouseNo no debe ser nulo ni blanco","rejectedValue":""},{"field":"houseNo","message":"size must be between 1 and 30","rejectedValue":""}]}
10:51:11.453 [pool-1-thread-1] DEBUG com.intuit.karate - response time in milliseconds: 799
1 < 200
1 < Server-Timing: intid;desc=84ab2efef4ee4005
1 < Content-Type: application/json;charset=UTF-8
1 < Transfer-Encoding: chunked
1 < Date: Tue, 22 Mar 2022 13:51:11 GMT
1 < Set-Cookie: 25b97f8ce3c85c36f841327c183e18a0=f54b6d43a414ec437e47e20be66ba5eb; Domain=fttx.wom.uat
{"resultCode":"0","success":true,"errorMessage":"","checkId":"220322105108282727","address":{"areaCode":"C13101","diggingFlag":"N","houseNo":"101010","towerNo":"","floorNo":"","streetName":"GENERAL MACKENNA","buildingType":"CASA","houseNoExt":"","longitude":"","latitude":"","addressId":"211215105969782020","addressName":"","areaName":"SANTIAGO","addrGrade":"HOUSE_NUMBER"},"curAccSchema":{"accMode":null,"maxDownloadBw":null,"planDate":null,"prodList":null},"accSchemaList":[{"accMode":"EPL","maxDownloadBw":"2560","planDate":"","prodList":null},{"accMode":"FTTH","maxDownloadBw":"2560","planDate":"","prodList":null},{"accMode":"GPON","maxDownloadBw":"2560","planDate":"","prodList":[{"prodSpecCode":"HSI_IPOE","prodSpecId":"C200115114779791","prodSpecName":"High Speed Internet (IPoE)","prodSpecType":"","relaProdSpec":""},{"prodSpecCode":"CFS_PON_ACC","prodSpecId":"C200115111079696","prodSpecName":"PON Access","prodSpecType":"CA","relaProdSpec":"HSI_IPOE"}]}]}
10:51:11.471 [pool-1-thread-4] DEBUG com.intuit.karate - response time in milliseconds: 812
1 < 200
1 < Server-Timing: intid;desc=bd2be5c53cc4d2a5
1 < Content-Type: application/json;charset=UTF-8
1 < Transfer-Encoding: chunked
1 < Date: Tue, 22 Mar 2022 13:51:11 GMT
1 < Set-Cookie: 25b97f8ce3c85c36f841327c183e18a0=f54b6d43a414ec437e47e20be66ba5eb; Domain=fttx.wom.uat
{"resultCode":"0","success":true,"errorMessage":"","checkId":"220322105108282726","address":{"areaCode":"C13101","diggingFlag":"N","houseNo":"101010","towerNo":"","floorNo":"","streetName":"GENERAL MACKENNA","buildingType":"CASA","houseNoExt":"","longitude":"","latitude":"","addressId":"211215105969782020","addressName":"","areaName":"SANTIAGO","addrGrade":"HOUSE_NUMBER"},"curAccSchema":{"accMode":null,"maxDownloadBw":null,"planDate":null,"prodList":null},"accSchemaList":[{"accMode":"EPL","maxDownloadBw":"2560","planDate":"","prodList":null},{"accMode":"FTTH","maxDownloadBw":"2560","planDate":"","prodList":null},{"accMode":"GPON","maxDownloadBw":"2560","planDate":"","prodList":[{"prodSpecCode":"HSI_IPOE","prodSpecId":"C200115114779791","prodSpecName":"High Speed Internet (IPoE)","prodSpecType":"","relaProdSpec":""},{"prodSpecCode":"CFS_PON_ACC","prodSpecId":"C200115111079696","prodSpecName":"PON Access","prodSpecType":"CA","relaProdSpec":"HSI_IPOE"}]}]}
10:51:11.495 [pool-2-thread-1] INFO  com.intuit.karate.Suite - <<pass>> feature 2 of 8 (6 remaining) classpath:qa/feature/srv40175-1-0/srv40175-1-0-put.feature
10:51:11.556 [pool-2-thread-1] INFO  com.intuit.karate.Suite - <<pass>> feature 3 of 8 (5 remaining) classpath:qa/feature/srv40262-1-0/srv40262-1-0 availabilityCheck.feature
10:51:11.588 [pool-2-thread-1] INFO  com.intuit.karate.Suite - <<pass>> feature 4 of 8 (4 remaining) classpath:qa/feature/srv40262-1-0/srv40262-1-0 resourcePool-delete.feature
10:51:11.738 [pool-2-thread-1] INFO  com.intuit.karate.Suite - <<pass>> feature 5 of 8 (3 remaining) classpath:qa/feature/srv40262-1-0/srv40262-1-0 resourcePool.feature
10:51:11.779 [pool-2-thread-1] INFO  com.intuit.karate.Suite - <<pass>> feature 6 of 8 (2 remaining) classpath:qa/feature/srv40262-1-0/srv40262-1-0-retrieveAddress-succes.feature
10:51:11.832 [pool-2-thread-1] INFO  com.intuit.karate.Suite - <<pass>> feature 7 of 8 (1 remaining) classpath:qa/feature/srv40262-1-0/srv40262-1-0-retrieveAddress.feature
